<?xml version="1.0" encoding="UTF-8"?>
<testsuite xmlns:xsi="http://www.w3.org/2001/XMLSchema-instance" xsi:noNamespaceSchemaLocation="https://maven.apache.org/surefire/maven-surefire-plugin/xsd/surefire-test-report.xsd" version="3.0.2" name="com.sso.rediscache.RedisCacheApplicationTests" time="1.848" tests="1" errors="0" skipped="0" failures="0">
  <properties>
    <property name="java.specification.version" value="21"/>
    <property name="sun.jnu.encoding" value="UTF-8"/>
    <property name="java.class.path" value="/Users/selcuk.ozdemir/Documents/workspaces/rediscache/target/test-classes:/Users/selcuk.ozdemir/Documents/workspaces/rediscache/target/classes:/Users/selcuk.ozdemir/.m2/repository/org/springframework/boot/spring-boot-starter-data-jpa/3.5.0/spring-boot-starter-data-jpa-3.5.0.jar:/Users/selcuk.ozdemir/.m2/repository/org/springframework/boot/spring-boot-starter/3.5.0/spring-boot-starter-3.5.0.jar:/Users/selcuk.ozdemir/.m2/repository/org/springframework/boot/spring-boot/3.5.0/spring-boot-3.5.0.jar:/Users/selcuk.ozdemir/.m2/repository/org/springframework/boot/spring-boot-autoconfigure/3.5.0/spring-boot-autoconfigure-3.5.0.jar:/Users/selcuk.ozdemir/.m2/repository/org/springframework/boot/spring-boot-starter-logging/3.5.0/spring-boot-starter-logging-3.5.0.jar:/Users/selcuk.ozdemir/.m2/repository/ch/qos/logback/logback-classic/1.5.18/logback-classic-1.5.18.jar:/Users/selcuk.ozdemir/.m2/repository/ch/qos/logback/logback-core/1.5.18/logback-core-1.5.18.jar:/Users/selcuk.ozdemir/.m2/repository/org/apache/logging/log4j/log4j-to-slf4j/2.24.3/log4j-to-slf4j-2.24.3.jar:/Users/selcuk.ozdemir/.m2/repository/org/apache/logging/log4j/log4j-api/2.24.3/log4j-api-2.24.3.jar:/Users/selcuk.ozdemir/.m2/repository/org/slf4j/jul-to-slf4j/2.0.17/jul-to-slf4j-2.0.17.jar:/Users/selcuk.ozdemir/.m2/repository/jakarta/annotation/jakarta.annotation-api/2.1.1/jakarta.annotation-api-2.1.1.jar:/Users/selcuk.ozdemir/.m2/repository/org/yaml/snakeyaml/2.4/snakeyaml-2.4.jar:/Users/selcuk.ozdemir/.m2/repository/org/springframework/boot/spring-boot-starter-jdbc/3.5.0/spring-boot-starter-jdbc-3.5.0.jar:/Users/selcuk.ozdemir/.m2/repository/com/zaxxer/HikariCP/6.3.0/HikariCP-6.3.0.jar:/Users/selcuk.ozdemir/.m2/repository/org/springframework/spring-jdbc/6.2.7/spring-jdbc-6.2.7.jar:/Users/selcuk.ozdemir/.m2/repository/org/hibernate/orm/hibernate-core/6.6.15.Final/hibernate-core-6.6.15.Final.jar:/Users/selcuk.ozdemir/.m2/repository/jakarta/persistence/jakarta.persistence-api/3.1.0/jakarta.persistence-api-3.1.0.jar:/Users/selcuk.ozdemir/.m2/repository/jakarta/transaction/jakarta.transaction-api/2.0.1/jakarta.transaction-api-2.0.1.jar:/Users/selcuk.ozdemir/.m2/repository/org/jboss/logging/jboss-logging/3.6.1.Final/jboss-logging-3.6.1.Final.jar:/Users/selcuk.ozdemir/.m2/repository/org/hibernate/common/hibernate-commons-annotations/7.0.3.Final/hibernate-commons-annotations-7.0.3.Final.jar:/Users/selcuk.ozdemir/.m2/repository/io/smallrye/jandex/3.2.0/jandex-3.2.0.jar:/Users/selcuk.ozdemir/.m2/repository/com/fasterxml/classmate/1.7.0/classmate-1.7.0.jar:/Users/selcuk.ozdemir/.m2/repository/net/bytebuddy/byte-buddy/1.17.5/byte-buddy-1.17.5.jar:/Users/selcuk.ozdemir/.m2/repository/org/glassfish/jaxb/jaxb-runtime/4.0.5/jaxb-runtime-4.0.5.jar:/Users/selcuk.ozdemir/.m2/repository/org/glassfish/jaxb/jaxb-core/4.0.5/jaxb-core-4.0.5.jar:/Users/selcuk.ozdemir/.m2/repository/org/eclipse/angus/angus-activation/2.0.2/angus-activation-2.0.2.jar:/Users/selcuk.ozdemir/.m2/repository/org/glassfish/jaxb/txw2/4.0.5/txw2-4.0.5.jar:/Users/selcuk.ozdemir/.m2/repository/com/sun/istack/istack-commons-runtime/4.1.2/istack-commons-runtime-4.1.2.jar:/Users/selcuk.ozdemir/.m2/repository/jakarta/inject/jakarta.inject-api/2.0.1/jakarta.inject-api-2.0.1.jar:/Users/selcuk.ozdemir/.m2/repository/org/antlr/antlr4-runtime/4.13.0/antlr4-runtime-4.13.0.jar:/Users/selcuk.ozdemir/.m2/repository/org/springframework/data/spring-data-jpa/3.5.0/spring-data-jpa-3.5.0.jar:/Users/selcuk.ozdemir/.m2/repository/org/springframework/data/spring-data-commons/3.5.0/spring-data-commons-3.5.0.jar:/Users/selcuk.ozdemir/.m2/repository/org/springframework/spring-orm/6.2.7/spring-orm-6.2.7.jar:/Users/selcuk.ozdemir/.m2/repository/org/springframework/spring-context/6.2.7/spring-context-6.2.7.jar:/Users/selcuk.ozdemir/.m2/repository/org/springframework/spring-aop/6.2.7/spring-aop-6.2.7.jar:/Users/selcuk.ozdemir/.m2/repository/org/springframework/spring-tx/6.2.7/spring-tx-6.2.7.jar:/Users/selcuk.ozdemir/.m2/repository/org/springframework/spring-beans/6.2.7/spring-beans-6.2.7.jar:/Users/selcuk.ozdemir/.m2/repository/org/slf4j/slf4j-api/2.0.17/slf4j-api-2.0.17.jar:/Users/selcuk.ozdemir/.m2/repository/org/springframework/spring-aspects/6.2.7/spring-aspects-6.2.7.jar:/Users/selcuk.ozdemir/.m2/repository/org/aspectj/aspectjweaver/1.9.24/aspectjweaver-1.9.24.jar:/Users/selcuk.ozdemir/.m2/repository/org/springframework/boot/spring-boot-starter-data-redis/3.5.0/spring-boot-starter-data-redis-3.5.0.jar:/Users/selcuk.ozdemir/.m2/repository/io/lettuce/lettuce-core/6.5.5.RELEASE/lettuce-core-6.5.5.RELEASE.jar:/Users/selcuk.ozdemir/.m2/repository/io/netty/netty-common/4.1.121.Final/netty-common-4.1.121.Final.jar:/Users/selcuk.ozdemir/.m2/repository/io/netty/netty-handler/4.1.121.Final/netty-handler-4.1.121.Final.jar:/Users/selcuk.ozdemir/.m2/repository/io/netty/netty-resolver/4.1.121.Final/netty-resolver-4.1.121.Final.jar:/Users/selcuk.ozdemir/.m2/repository/io/netty/netty-buffer/4.1.121.Final/netty-buffer-4.1.121.Final.jar:/Users/selcuk.ozdemir/.m2/repository/io/netty/netty-transport-native-unix-common/4.1.121.Final/netty-transport-native-unix-common-4.1.121.Final.jar:/Users/selcuk.ozdemir/.m2/repository/io/netty/netty-codec/4.1.121.Final/netty-codec-4.1.121.Final.jar:/Users/selcuk.ozdemir/.m2/repository/io/netty/netty-transport/4.1.121.Final/netty-transport-4.1.121.Final.jar:/Users/selcuk.ozdemir/.m2/repository/io/projectreactor/reactor-core/3.7.6/reactor-core-3.7.6.jar:/Users/selcuk.ozdemir/.m2/repository/org/reactivestreams/reactive-streams/1.0.4/reactive-streams-1.0.4.jar:/Users/selcuk.ozdemir/.m2/repository/org/springframework/data/spring-data-redis/3.5.0/spring-data-redis-3.5.0.jar:/Users/selcuk.ozdemir/.m2/repository/org/springframework/data/spring-data-keyvalue/3.5.0/spring-data-keyvalue-3.5.0.jar:/Users/selcuk.ozdemir/.m2/repository/org/springframework/spring-oxm/6.2.7/spring-oxm-6.2.7.jar:/Users/selcuk.ozdemir/.m2/repository/org/springframework/spring-context-support/6.2.7/spring-context-support-6.2.7.jar:/Users/selcuk.ozdemir/.m2/repository/org/springframework/boot/spring-boot-starter-web/3.5.0/spring-boot-starter-web-3.5.0.jar:/Users/selcuk.ozdemir/.m2/repository/org/springframework/boot/spring-boot-starter-json/3.5.0/spring-boot-starter-json-3.5.0.jar:/Users/selcuk.ozdemir/.m2/repository/com/fasterxml/jackson/core/jackson-databind/2.19.0/jackson-databind-2.19.0.jar:/Users/selcuk.ozdemir/.m2/repository/com/fasterxml/jackson/core/jackson-annotations/2.19.0/jackson-annotations-2.19.0.jar:/Users/selcuk.ozdemir/.m2/repository/com/fasterxml/jackson/core/jackson-core/2.19.0/jackson-core-2.19.0.jar:/Users/selcuk.ozdemir/.m2/repository/com/fasterxml/jackson/datatype/jackson-datatype-jdk8/2.19.0/jackson-datatype-jdk8-2.19.0.jar:/Users/selcuk.ozdemir/.m2/repository/com/fasterxml/jackson/datatype/jackson-datatype-jsr310/2.19.0/jackson-datatype-jsr310-2.19.0.jar:/Users/selcuk.ozdemir/.m2/repository/com/fasterxml/jackson/module/jackson-module-parameter-names/2.19.0/jackson-module-parameter-names-2.19.0.jar:/Users/selcuk.ozdemir/.m2/repository/org/springframework/boot/spring-boot-starter-tomcat/3.5.0/spring-boot-starter-tomcat-3.5.0.jar:/Users/selcuk.ozdemir/.m2/repository/org/apache/tomcat/embed/tomcat-embed-core/10.1.41/tomcat-embed-core-10.1.41.jar:/Users/selcuk.ozdemir/.m2/repository/org/apache/tomcat/embed/tomcat-embed-el/10.1.41/tomcat-embed-el-10.1.41.jar:/Users/selcuk.ozdemir/.m2/repository/org/apache/tomcat/embed/tomcat-embed-websocket/10.1.41/tomcat-embed-websocket-10.1.41.jar:/Users/selcuk.ozdemir/.m2/repository/org/springframework/spring-web/6.2.7/spring-web-6.2.7.jar:/Users/selcuk.ozdemir/.m2/repository/io/micrometer/micrometer-observation/1.15.0/micrometer-observation-1.15.0.jar:/Users/selcuk.ozdemir/.m2/repository/io/micrometer/micrometer-commons/1.15.0/micrometer-commons-1.15.0.jar:/Users/selcuk.ozdemir/.m2/repository/org/springframework/spring-webmvc/6.2.7/spring-webmvc-6.2.7.jar:/Users/selcuk.ozdemir/.m2/repository/org/springframework/spring-expression/6.2.7/spring-expression-6.2.7.jar:/Users/selcuk.ozdemir/.m2/repository/org/postgresql/postgresql/42.7.5/postgresql-42.7.5.jar:/Users/selcuk.ozdemir/.m2/repository/org/checkerframework/checker-qual/3.48.3/checker-qual-3.48.3.jar:/Users/selcuk.ozdemir/.m2/repository/org/projectlombok/lombok/1.18.38/lombok-1.18.38.jar:/Users/selcuk.ozdemir/.m2/repository/org/springframework/boot/spring-boot-starter-test/3.5.0/spring-boot-starter-test-3.5.0.jar:/Users/selcuk.ozdemir/.m2/repository/org/springframework/boot/spring-boot-test/3.5.0/spring-boot-test-3.5.0.jar:/Users/selcuk.ozdemir/.m2/repository/org/springframework/boot/spring-boot-test-autoconfigure/3.5.0/spring-boot-test-autoconfigure-3.5.0.jar:/Users/selcuk.ozdemir/.m2/repository/com/jayway/jsonpath/json-path/2.9.0/json-path-2.9.0.jar:/Users/selcuk.ozdemir/.m2/repository/jakarta/xml/bind/jakarta.xml.bind-api/4.0.2/jakarta.xml.bind-api-4.0.2.jar:/Users/selcuk.ozdemir/.m2/repository/jakarta/activation/jakarta.activation-api/2.1.3/jakarta.activation-api-2.1.3.jar:/Users/selcuk.ozdemir/.m2/repository/net/minidev/json-smart/2.5.2/json-smart-2.5.2.jar:/Users/selcuk.ozdemir/.m2/repository/net/minidev/accessors-smart/2.5.2/accessors-smart-2.5.2.jar:/Users/selcuk.ozdemir/.m2/repository/org/ow2/asm/asm/9.7.1/asm-9.7.1.jar:/Users/selcuk.ozdemir/.m2/repository/org/assertj/assertj-core/3.27.3/assertj-core-3.27.3.jar:/Users/selcuk.ozdemir/.m2/repository/org/awaitility/awaitility/4.3.0/awaitility-4.3.0.jar:/Users/selcuk.ozdemir/.m2/repository/org/hamcrest/hamcrest/3.0/hamcrest-3.0.jar:/Users/selcuk.ozdemir/.m2/repository/org/junit/jupiter/junit-jupiter/5.12.2/junit-jupiter-5.12.2.jar:/Users/selcuk.ozdemir/.m2/repository/org/junit/jupiter/junit-jupiter-api/5.12.2/junit-jupiter-api-5.12.2.jar:/Users/selcuk.ozdemir/.m2/repository/org/opentest4j/opentest4j/1.3.0/opentest4j-1.3.0.jar:/Users/selcuk.ozdemir/.m2/repository/org/junit/platform/junit-platform-commons/1.12.2/junit-platform-commons-1.12.2.jar:/Users/selcuk.ozdemir/.m2/repository/org/apiguardian/apiguardian-api/1.1.2/apiguardian-api-1.1.2.jar:/Users/selcuk.ozdemir/.m2/repository/org/junit/jupiter/junit-jupiter-params/5.12.2/junit-jupiter-params-5.12.2.jar:/Users/selcuk.ozdemir/.m2/repository/org/junit/jupiter/junit-jupiter-engine/5.12.2/junit-jupiter-engine-5.12.2.jar:/Users/selcuk.ozdemir/.m2/repository/org/junit/platform/junit-platform-engine/1.12.2/junit-platform-engine-1.12.2.jar:/Users/selcuk.ozdemir/.m2/repository/org/mockito/mockito-core/5.17.0/mockito-core-5.17.0.jar:/Users/selcuk.ozdemir/.m2/repository/net/bytebuddy/byte-buddy-agent/1.17.5/byte-buddy-agent-1.17.5.jar:/Users/selcuk.ozdemir/.m2/repository/org/objenesis/objenesis/3.3/objenesis-3.3.jar:/Users/selcuk.ozdemir/.m2/repository/org/mockito/mockito-junit-jupiter/5.17.0/mockito-junit-jupiter-5.17.0.jar:/Users/selcuk.ozdemir/.m2/repository/org/skyscreamer/jsonassert/1.5.3/jsonassert-1.5.3.jar:/Users/selcuk.ozdemir/.m2/repository/com/vaadin/external/google/android-json/0.0.20131108.vaadin1/android-json-0.0.20131108.vaadin1.jar:/Users/selcuk.ozdemir/.m2/repository/org/springframework/spring-core/6.2.7/spring-core-6.2.7.jar:/Users/selcuk.ozdemir/.m2/repository/org/springframework/spring-jcl/6.2.7/spring-jcl-6.2.7.jar:/Users/selcuk.ozdemir/.m2/repository/org/springframework/spring-test/6.2.7/spring-test-6.2.7.jar:/Users/selcuk.ozdemir/.m2/repository/org/xmlunit/xmlunit-core/2.10.1/xmlunit-core-2.10.1.jar:"/>
    <property name="java.vm.vendor" value="Oracle Corporation"/>
    <property name="sun.arch.data.model" value="64"/>
    <property name="java.vendor.url" value="https://java.oracle.com/"/>
    <property name="user.timezone" value="Europe/Istanbul"/>
    <property name="org.jboss.logging.provider" value="slf4j"/>
    <property name="os.name" value="Mac OS X"/>
    <property name="java.vm.specification.version" value="21"/>
    <property name="APPLICATION_NAME" value="rediscache"/>
    <property name="sun.java.launcher" value="SUN_STANDARD"/>
    <property name="user.country" value="TR"/>
    <property name="sun.boot.library.path" value="/Library/Java/JavaVirtualMachines/jdk-21.jdk/Contents/Home/lib"/>
    <property name="sun.java.command" value="/Users/selcuk.ozdemir/Documents/workspaces/rediscache/target/surefire/surefirebooter-20250608153103507_3.jar /Users/selcuk.ozdemir/Documents/workspaces/rediscache/target/surefire 2025-06-08T15-31-03_480-jvmRun1 surefire-20250608153103507_1tmp surefire_0-20250608153103507_2tmp"/>
    <property name="http.nonProxyHosts" value="local|*.local|169.254/16|*.169.254/16"/>
    <property name="jdk.debug" value="release"/>
    <property name="surefire.test.class.path" value="/Users/selcuk.ozdemir/Documents/workspaces/rediscache/target/test-classes:/Users/selcuk.ozdemir/Documents/workspaces/rediscache/target/classes:/Users/selcuk.ozdemir/.m2/repository/org/springframework/boot/spring-boot-starter-data-jpa/3.5.0/spring-boot-starter-data-jpa-3.5.0.jar:/Users/selcuk.ozdemir/.m2/repository/org/springframework/boot/spring-boot-starter/3.5.0/spring-boot-starter-3.5.0.jar:/Users/selcuk.ozdemir/.m2/repository/org/springframework/boot/spring-boot/3.5.0/spring-boot-3.5.0.jar:/Users/selcuk.ozdemir/.m2/repository/org/springframework/boot/spring-boot-autoconfigure/3.5.0/spring-boot-autoconfigure-3.5.0.jar:/Users/selcuk.ozdemir/.m2/repository/org/springframework/boot/spring-boot-starter-logging/3.5.0/spring-boot-starter-logging-3.5.0.jar:/Users/selcuk.ozdemir/.m2/repository/ch/qos/logback/logback-classic/1.5.18/logback-classic-1.5.18.jar:/Users/selcuk.ozdemir/.m2/repository/ch/qos/logback/logback-core/1.5.18/logback-core-1.5.18.jar:/Users/selcuk.ozdemir/.m2/repository/org/apache/logging/log4j/log4j-to-slf4j/2.24.3/log4j-to-slf4j-2.24.3.jar:/Users/selcuk.ozdemir/.m2/repository/org/apache/logging/log4j/log4j-api/2.24.3/log4j-api-2.24.3.jar:/Users/selcuk.ozdemir/.m2/repository/org/slf4j/jul-to-slf4j/2.0.17/jul-to-slf4j-2.0.17.jar:/Users/selcuk.ozdemir/.m2/repository/jakarta/annotation/jakarta.annotation-api/2.1.1/jakarta.annotation-api-2.1.1.jar:/Users/selcuk.ozdemir/.m2/repository/org/yaml/snakeyaml/2.4/snakeyaml-2.4.jar:/Users/selcuk.ozdemir/.m2/repository/org/springframework/boot/spring-boot-starter-jdbc/3.5.0/spring-boot-starter-jdbc-3.5.0.jar:/Users/selcuk.ozdemir/.m2/repository/com/zaxxer/HikariCP/6.3.0/HikariCP-6.3.0.jar:/Users/selcuk.ozdemir/.m2/repository/org/springframework/spring-jdbc/6.2.7/spring-jdbc-6.2.7.jar:/Users/selcuk.ozdemir/.m2/repository/org/hibernate/orm/hibernate-core/6.6.15.Final/hibernate-core-6.6.15.Final.jar:/Users/selcuk.ozdemir/.m2/repository/jakarta/persistence/jakarta.persistence-api/3.1.0/jakarta.persistence-api-3.1.0.jar:/Users/selcuk.ozdemir/.m2/repository/jakarta/transaction/jakarta.transaction-api/2.0.1/jakarta.transaction-api-2.0.1.jar:/Users/selcuk.ozdemir/.m2/repository/org/jboss/logging/jboss-logging/3.6.1.Final/jboss-logging-3.6.1.Final.jar:/Users/selcuk.ozdemir/.m2/repository/org/hibernate/common/hibernate-commons-annotations/7.0.3.Final/hibernate-commons-annotations-7.0.3.Final.jar:/Users/selcuk.ozdemir/.m2/repository/io/smallrye/jandex/3.2.0/jandex-3.2.0.jar:/Users/selcuk.ozdemir/.m2/repository/com/fasterxml/classmate/1.7.0/classmate-1.7.0.jar:/Users/selcuk.ozdemir/.m2/repository/net/bytebuddy/byte-buddy/1.17.5/byte-buddy-1.17.5.jar:/Users/selcuk.ozdemir/.m2/repository/org/glassfish/jaxb/jaxb-runtime/4.0.5/jaxb-runtime-4.0.5.jar:/Users/selcuk.ozdemir/.m2/repository/org/glassfish/jaxb/jaxb-core/4.0.5/jaxb-core-4.0.5.jar:/Users/selcuk.ozdemir/.m2/repository/org/eclipse/angus/angus-activation/2.0.2/angus-activation-2.0.2.jar:/Users/selcuk.ozdemir/.m2/repository/org/glassfish/jaxb/txw2/4.0.5/txw2-4.0.5.jar:/Users/selcuk.ozdemir/.m2/repository/com/sun/istack/istack-commons-runtime/4.1.2/istack-commons-runtime-4.1.2.jar:/Users/selcuk.ozdemir/.m2/repository/jakarta/inject/jakarta.inject-api/2.0.1/jakarta.inject-api-2.0.1.jar:/Users/selcuk.ozdemir/.m2/repository/org/antlr/antlr4-runtime/4.13.0/antlr4-runtime-4.13.0.jar:/Users/selcuk.ozdemir/.m2/repository/org/springframework/data/spring-data-jpa/3.5.0/spring-data-jpa-3.5.0.jar:/Users/selcuk.ozdemir/.m2/repository/org/springframework/data/spring-data-commons/3.5.0/spring-data-commons-3.5.0.jar:/Users/selcuk.ozdemir/.m2/repository/org/springframework/spring-orm/6.2.7/spring-orm-6.2.7.jar:/Users/selcuk.ozdemir/.m2/repository/org/springframework/spring-context/6.2.7/spring-context-6.2.7.jar:/Users/selcuk.ozdemir/.m2/repository/org/springframework/spring-aop/6.2.7/spring-aop-6.2.7.jar:/Users/selcuk.ozdemir/.m2/repository/org/springframework/spring-tx/6.2.7/spring-tx-6.2.7.jar:/Users/selcuk.ozdemir/.m2/repository/org/springframework/spring-beans/6.2.7/spring-beans-6.2.7.jar:/Users/selcuk.ozdemir/.m2/repository/org/slf4j/slf4j-api/2.0.17/slf4j-api-2.0.17.jar:/Users/selcuk.ozdemir/.m2/repository/org/springframework/spring-aspects/6.2.7/spring-aspects-6.2.7.jar:/Users/selcuk.ozdemir/.m2/repository/org/aspectj/aspectjweaver/1.9.24/aspectjweaver-1.9.24.jar:/Users/selcuk.ozdemir/.m2/repository/org/springframework/boot/spring-boot-starter-data-redis/3.5.0/spring-boot-starter-data-redis-3.5.0.jar:/Users/selcuk.ozdemir/.m2/repository/io/lettuce/lettuce-core/6.5.5.RELEASE/lettuce-core-6.5.5.RELEASE.jar:/Users/selcuk.ozdemir/.m2/repository/io/netty/netty-common/4.1.121.Final/netty-common-4.1.121.Final.jar:/Users/selcuk.ozdemir/.m2/repository/io/netty/netty-handler/4.1.121.Final/netty-handler-4.1.121.Final.jar:/Users/selcuk.ozdemir/.m2/repository/io/netty/netty-resolver/4.1.121.Final/netty-resolver-4.1.121.Final.jar:/Users/selcuk.ozdemir/.m2/repository/io/netty/netty-buffer/4.1.121.Final/netty-buffer-4.1.121.Final.jar:/Users/selcuk.ozdemir/.m2/repository/io/netty/netty-transport-native-unix-common/4.1.121.Final/netty-transport-native-unix-common-4.1.121.Final.jar:/Users/selcuk.ozdemir/.m2/repository/io/netty/netty-codec/4.1.121.Final/netty-codec-4.1.121.Final.jar:/Users/selcuk.ozdemir/.m2/repository/io/netty/netty-transport/4.1.121.Final/netty-transport-4.1.121.Final.jar:/Users/selcuk.ozdemir/.m2/repository/io/projectreactor/reactor-core/3.7.6/reactor-core-3.7.6.jar:/Users/selcuk.ozdemir/.m2/repository/org/reactivestreams/reactive-streams/1.0.4/reactive-streams-1.0.4.jar:/Users/selcuk.ozdemir/.m2/repository/org/springframework/data/spring-data-redis/3.5.0/spring-data-redis-3.5.0.jar:/Users/selcuk.ozdemir/.m2/repository/org/springframework/data/spring-data-keyvalue/3.5.0/spring-data-keyvalue-3.5.0.jar:/Users/selcuk.ozdemir/.m2/repository/org/springframework/spring-oxm/6.2.7/spring-oxm-6.2.7.jar:/Users/selcuk.ozdemir/.m2/repository/org/springframework/spring-context-support/6.2.7/spring-context-support-6.2.7.jar:/Users/selcuk.ozdemir/.m2/repository/org/springframework/boot/spring-boot-starter-web/3.5.0/spring-boot-starter-web-3.5.0.jar:/Users/selcuk.ozdemir/.m2/repository/org/springframework/boot/spring-boot-starter-json/3.5.0/spring-boot-starter-json-3.5.0.jar:/Users/selcuk.ozdemir/.m2/repository/com/fasterxml/jackson/core/jackson-databind/2.19.0/jackson-databind-2.19.0.jar:/Users/selcuk.ozdemir/.m2/repository/com/fasterxml/jackson/core/jackson-annotations/2.19.0/jackson-annotations-2.19.0.jar:/Users/selcuk.ozdemir/.m2/repository/com/fasterxml/jackson/core/jackson-core/2.19.0/jackson-core-2.19.0.jar:/Users/selcuk.ozdemir/.m2/repository/com/fasterxml/jackson/datatype/jackson-datatype-jdk8/2.19.0/jackson-datatype-jdk8-2.19.0.jar:/Users/selcuk.ozdemir/.m2/repository/com/fasterxml/jackson/datatype/jackson-datatype-jsr310/2.19.0/jackson-datatype-jsr310-2.19.0.jar:/Users/selcuk.ozdemir/.m2/repository/com/fasterxml/jackson/module/jackson-module-parameter-names/2.19.0/jackson-module-parameter-names-2.19.0.jar:/Users/selcuk.ozdemir/.m2/repository/org/springframework/boot/spring-boot-starter-tomcat/3.5.0/spring-boot-starter-tomcat-3.5.0.jar:/Users/selcuk.ozdemir/.m2/repository/org/apache/tomcat/embed/tomcat-embed-core/10.1.41/tomcat-embed-core-10.1.41.jar:/Users/selcuk.ozdemir/.m2/repository/org/apache/tomcat/embed/tomcat-embed-el/10.1.41/tomcat-embed-el-10.1.41.jar:/Users/selcuk.ozdemir/.m2/repository/org/apache/tomcat/embed/tomcat-embed-websocket/10.1.41/tomcat-embed-websocket-10.1.41.jar:/Users/selcuk.ozdemir/.m2/repository/org/springframework/spring-web/6.2.7/spring-web-6.2.7.jar:/Users/selcuk.ozdemir/.m2/repository/io/micrometer/micrometer-observation/1.15.0/micrometer-observation-1.15.0.jar:/Users/selcuk.ozdemir/.m2/repository/io/micrometer/micrometer-commons/1.15.0/micrometer-commons-1.15.0.jar:/Users/selcuk.ozdemir/.m2/repository/org/springframework/spring-webmvc/6.2.7/spring-webmvc-6.2.7.jar:/Users/selcuk.ozdemir/.m2/repository/org/springframework/spring-expression/6.2.7/spring-expression-6.2.7.jar:/Users/selcuk.ozdemir/.m2/repository/org/postgresql/postgresql/42.7.5/postgresql-42.7.5.jar:/Users/selcuk.ozdemir/.m2/repository/org/checkerframework/checker-qual/3.48.3/checker-qual-3.48.3.jar:/Users/selcuk.ozdemir/.m2/repository/org/projectlombok/lombok/1.18.38/lombok-1.18.38.jar:/Users/selcuk.ozdemir/.m2/repository/org/springframework/boot/spring-boot-starter-test/3.5.0/spring-boot-starter-test-3.5.0.jar:/Users/selcuk.ozdemir/.m2/repository/org/springframework/boot/spring-boot-test/3.5.0/spring-boot-test-3.5.0.jar:/Users/selcuk.ozdemir/.m2/repository/org/springframework/boot/spring-boot-test-autoconfigure/3.5.0/spring-boot-test-autoconfigure-3.5.0.jar:/Users/selcuk.ozdemir/.m2/repository/com/jayway/jsonpath/json-path/2.9.0/json-path-2.9.0.jar:/Users/selcuk.ozdemir/.m2/repository/jakarta/xml/bind/jakarta.xml.bind-api/4.0.2/jakarta.xml.bind-api-4.0.2.jar:/Users/selcuk.ozdemir/.m2/repository/jakarta/activation/jakarta.activation-api/2.1.3/jakarta.activation-api-2.1.3.jar:/Users/selcuk.ozdemir/.m2/repository/net/minidev/json-smart/2.5.2/json-smart-2.5.2.jar:/Users/selcuk.ozdemir/.m2/repository/net/minidev/accessors-smart/2.5.2/accessors-smart-2.5.2.jar:/Users/selcuk.ozdemir/.m2/repository/org/ow2/asm/asm/9.7.1/asm-9.7.1.jar:/Users/selcuk.ozdemir/.m2/repository/org/assertj/assertj-core/3.27.3/assertj-core-3.27.3.jar:/Users/selcuk.ozdemir/.m2/repository/org/awaitility/awaitility/4.3.0/awaitility-4.3.0.jar:/Users/selcuk.ozdemir/.m2/repository/org/hamcrest/hamcrest/3.0/hamcrest-3.0.jar:/Users/selcuk.ozdemir/.m2/repository/org/junit/jupiter/junit-jupiter/5.12.2/junit-jupiter-5.12.2.jar:/Users/selcuk.ozdemir/.m2/repository/org/junit/jupiter/junit-jupiter-api/5.12.2/junit-jupiter-api-5.12.2.jar:/Users/selcuk.ozdemir/.m2/repository/org/opentest4j/opentest4j/1.3.0/opentest4j-1.3.0.jar:/Users/selcuk.ozdemir/.m2/repository/org/junit/platform/junit-platform-commons/1.12.2/junit-platform-commons-1.12.2.jar:/Users/selcuk.ozdemir/.m2/repository/org/apiguardian/apiguardian-api/1.1.2/apiguardian-api-1.1.2.jar:/Users/selcuk.ozdemir/.m2/repository/org/junit/jupiter/junit-jupiter-params/5.12.2/junit-jupiter-params-5.12.2.jar:/Users/selcuk.ozdemir/.m2/repository/org/junit/jupiter/junit-jupiter-engine/5.12.2/junit-jupiter-engine-5.12.2.jar:/Users/selcuk.ozdemir/.m2/repository/org/junit/platform/junit-platform-engine/1.12.2/junit-platform-engine-1.12.2.jar:/Users/selcuk.ozdemir/.m2/repository/org/mockito/mockito-core/5.17.0/mockito-core-5.17.0.jar:/Users/selcuk.ozdemir/.m2/repository/net/bytebuddy/byte-buddy-agent/1.17.5/byte-buddy-agent-1.17.5.jar:/Users/selcuk.ozdemir/.m2/repository/org/objenesis/objenesis/3.3/objenesis-3.3.jar:/Users/selcuk.ozdemir/.m2/repository/org/mockito/mockito-junit-jupiter/5.17.0/mockito-junit-jupiter-5.17.0.jar:/Users/selcuk.ozdemir/.m2/repository/org/skyscreamer/jsonassert/1.5.3/jsonassert-1.5.3.jar:/Users/selcuk.ozdemir/.m2/repository/com/vaadin/external/google/android-json/0.0.20131108.vaadin1/android-json-0.0.20131108.vaadin1.jar:/Users/selcuk.ozdemir/.m2/repository/org/springframework/spring-core/6.2.7/spring-core-6.2.7.jar:/Users/selcuk.ozdemir/.m2/repository/org/springframework/spring-jcl/6.2.7/spring-jcl-6.2.7.jar:/Users/selcuk.ozdemir/.m2/repository/org/springframework/spring-test/6.2.7/spring-test-6.2.7.jar:/Users/selcuk.ozdemir/.m2/repository/org/xmlunit/xmlunit-core/2.10.1/xmlunit-core-2.10.1.jar:"/>
    <property name="sun.cpu.endian" value="little"/>
    <property name="user.home" value="/Users/selcuk.ozdemir"/>
    <property name="user.language" value="en"/>
    <property name="java.specification.vendor" value="Oracle Corporation"/>
    <property name="java.version.date" value="2025-04-15"/>
    <property name="java.home" value="/Library/Java/JavaVirtualMachines/jdk-21.jdk/Contents/Home"/>
    <property name="file.separator" value="/"/>
    <property name="basedir" value="/Users/selcuk.ozdemir/Documents/workspaces/rediscache"/>
    <property name="style.color" value="always"/>
    <property name="java.vm.compressedOopsMode" value="Zero based"/>
    <property name="line.separator" value="&#10;"/>
    <property name="java.vm.specification.vendor" value="Oracle Corporation"/>
    <property name="java.specification.name" value="Java Platform API Specification"/>
    <property name="FILE_LOG_CHARSET" value="UTF-8"/>
    <property name="java.awt.headless" value="true"/>
    <property name="apple.awt.application.name" value="ForkedBooter"/>
    <property name="surefire.real.class.path" value="/Users/selcuk.ozdemir/Documents/workspaces/rediscache/target/surefire/surefirebooter-20250608153103507_3.jar"/>
    <property name="sun.management.compiler" value="HotSpot 64-Bit Tiered Compilers"/>
    <property name="ftp.nonProxyHosts" value="local|*.local|169.254/16|*.169.254/16"/>
    <property name="java.runtime.version" value="21.0.7+8-LTS-245"/>
    <property name="user.name" value="selcuk.ozdemir"/>
    <property name="stdout.encoding" value="UTF-8"/>
    <property name="path.separator" value=":"/>
    <property name="os.version" value="15.5"/>
    <property name="java.runtime.name" value="Java(TM) SE Runtime Environment"/>
    <property name="file.encoding" value="UTF-8"/>
    <property name="java.vm.name" value="Java HotSpot(TM) 64-Bit Server VM"/>
    <property name="localRepository" value="/Users/selcuk.ozdemir/.m2/repository"/>
    <property name="java.vendor.url.bug" value="https://bugreport.java.com/bugreport/"/>
    <property name="java.io.tmpdir" value="/var/folders/9t/fqxx7_yd76xd83wtgfzwgnnw0000gn/T/"/>
    <property name="com.zaxxer.hikari.pool_number" value="1"/>
    <property name="java.version" value="21.0.7"/>
    <property name="user.dir" value="/Users/selcuk.ozdemir/Documents/workspaces/rediscache"/>
    <property name="os.arch" value="aarch64"/>
    <property name="java.vm.specification.name" value="Java Virtual Machine Specification"/>
    <property name="PID" value="91293"/>
    <property name="CONSOLE_LOG_CHARSET" value="UTF-8"/>
    <property name="native.encoding" value="UTF-8"/>
    <property name="java.library.path" value="/Users/selcuk.ozdemir/Library/Java/Extensions:/Library/Java/Extensions:/Network/Library/Java/Extensions:/System/Library/Java/Extensions:/usr/lib/java:."/>
    <property name="java.vm.info" value="mixed mode, sharing"/>
    <property name="stderr.encoding" value="UTF-8"/>
    <property name="java.vendor" value="Oracle Corporation"/>
    <property name="java.vm.version" value="21.0.7+8-LTS-245"/>
    <property name="sun.io.unicode.encoding" value="UnicodeBig"/>
    <property name="socksNonProxyHosts" value="local|*.local|169.254/16|*.169.254/16"/>
    <property name="java.class.version" value="65.0"/>
    <property name="LOGGED_APPLICATION_NAME" value="[rediscache] "/>
  </properties>
  <testcase name="contextLoads" classname="com.sso.rediscache.RedisCacheApplicationTests" time="0.247">
    <system-out><![CDATA[15:31:03.764 [main] INFO org.springframework.test.context.support.AnnotationConfigContextLoaderUtils -- Could not detect default configuration classes for test class [com.sso.rediscache.RedisCacheApplicationTests]: RedisCacheApplicationTests does not declare any static, non-private, non-final, nested classes annotated with @Configuration.
15:31:03.802 [main] INFO org.springframework.boot.test.context.SpringBootTestContextBootstrapper -- Found @SpringBootConfiguration com.sso.rediscache.RedisCacheApplication for test class com.sso.rediscache.RedisCacheApplicationTests

  .   ____          _            __ _ _
 /\\ / ___'_ __ _ _(_)_ __  __ _ \ \ \ \
( ( )\___ | '_ | '_| | '_ \/ _` | \ \ \ \
 \\/  ___)| |_)| | | | | || (_| |  ) ) ) )
  '  |____| .__|_| |_|_| |_\__, | / / / /
 =========|_|==============|___/=/_/_/_/

 :: Spring Boot ::                (v3.5.0)

2025-06-08T15:31:03.950+03:00  INFO 91293 --- [rediscache] [           main] c.s.r.RedisCacheApplicationTests         : Starting RedisCacheApplicationTests using Java 21.0.7 with PID 91293 (started by selcuk.ozdemir in /Users/selcuk.ozdemir/Documents/workspaces/rediscache)
2025-06-08T15:31:03.950+03:00  INFO 91293 --- [rediscache] [           main] c.s.r.RedisCacheApplicationTests         : No active profile set, falling back to 1 default profile: "default"
2025-06-08T15:31:04.169+03:00  INFO 91293 --- [rediscache] [           main] .s.d.r.c.RepositoryConfigurationDelegate : Multiple Spring Data modules found, entering strict repository configuration mode
2025-06-08T15:31:04.170+03:00  INFO 91293 --- [rediscache] [           main] .s.d.r.c.RepositoryConfigurationDelegate : Bootstrapping Spring Data JPA repositories in DEFAULT mode.
2025-06-08T15:31:04.217+03:00  INFO 91293 --- [rediscache] [           main] .s.d.r.c.RepositoryConfigurationDelegate : Finished Spring Data repository scanning in 43 ms. Found 1 JPA repository interface.
2025-06-08T15:31:04.223+03:00  INFO 91293 --- [rediscache] [           main] .s.d.r.c.RepositoryConfigurationDelegate : Multiple Spring Data modules found, entering strict repository configuration mode
2025-06-08T15:31:04.224+03:00  INFO 91293 --- [rediscache] [           main] .s.d.r.c.RepositoryConfigurationDelegate : Bootstrapping Spring Data Redis repositories in DEFAULT mode.
2025-06-08T15:31:04.229+03:00  INFO 91293 --- [rediscache] [           main] .RepositoryConfigurationExtensionSupport : Spring Data Redis - Could not safely identify store assignment for repository candidate interface com.sso.rediscache.repository.UserRepository; If you want this repository to be a Redis repository, consider annotating your entities with one of these annotations: org.springframework.data.redis.core.RedisHash (preferred), or consider extending one of the following types with your repository: org.springframework.data.keyvalue.repository.KeyValueRepository
2025-06-08T15:31:04.229+03:00  INFO 91293 --- [rediscache] [           main] .s.d.r.c.RepositoryConfigurationDelegate : Finished Spring Data repository scanning in 2 ms. Found 0 Redis repository interfaces.
2025-06-08T15:31:04.474+03:00  INFO 91293 --- [rediscache] [           main] o.hibernate.jpa.internal.util.LogHelper  : HHH000204: Processing PersistenceUnitInfo [name: default]
2025-06-08T15:31:04.493+03:00  INFO 91293 --- [rediscache] [           main] org.hibernate.Version                    : HHH000412: Hibernate ORM core version 6.6.15.Final
2025-06-08T15:31:04.505+03:00  INFO 91293 --- [rediscache] [           main] o.h.c.internal.RegionFactoryInitiator    : HHH000026: Second-level cache disabled
2025-06-08T15:31:04.593+03:00  INFO 91293 --- [rediscache] [           main] o.s.o.j.p.SpringPersistenceUnitInfo      : No LoadTimeWeaver setup: ignoring JPA class transformer
2025-06-08T15:31:04.601+03:00  INFO 91293 --- [rediscache] [           main] com.zaxxer.hikari.HikariDataSource       : HikariPool-1 - Starting...
2025-06-08T15:31:04.680+03:00  INFO 91293 --- [rediscache] [           main] com.zaxxer.hikari.pool.HikariPool        : HikariPool-1 - Added connection org.postgresql.jdbc.PgConnection@77e730bd
2025-06-08T15:31:04.680+03:00  INFO 91293 --- [rediscache] [           main] com.zaxxer.hikari.HikariDataSource       : HikariPool-1 - Start completed.
2025-06-08T15:31:04.707+03:00  INFO 91293 --- [rediscache] [           main] org.hibernate.orm.connections.pooling    : HHH10001005: Database info:
	Database JDBC URL [Connecting through datasource 'HikariDataSource (HikariPool-1)']
	Database driver: undefined/unknown
	Database version: 15.13
	Autocommit mode: undefined/unknown
	Isolation level: undefined/unknown
	Minimum pool size: undefined/unknown
	Maximum pool size: undefined/unknown
2025-06-08T15:31:04.964+03:00  INFO 91293 --- [rediscache] [           main] o.h.e.t.j.p.i.JtaPlatformInitiator       : HHH000489: No JTA platform available (set 'hibernate.transaction.jta.platform' to enable JTA platform integration)
2025-06-08T15:31:04.989+03:00  INFO 91293 --- [rediscache] [           main] j.LocalContainerEntityManagerFactoryBean : Initialized JPA EntityManagerFactory for persistence unit 'default'
2025-06-08T15:31:05.157+03:00  WARN 91293 --- [rediscache] [           main] JpaBaseConfiguration$JpaWebConfiguration : spring.jpa.open-in-view is enabled by default. Therefore, database queries may be performed during view rendering. Explicitly configure spring.jpa.open-in-view to disable this warning
2025-06-08T15:31:05.307+03:00  INFO 91293 --- [rediscache] [           main] c.s.r.RedisCacheApplicationTests         : Started RedisCacheApplicationTests in 1.462 seconds (process running for 1.768)
]]></system-out>
    <system-err><![CDATA[Mockito is currently self-attaching to enable the inline-mock-maker. This will no longer work in future releases of the JDK. Please add Mockito as an agent to your build as described in Mockito's documentation: https://javadoc.io/doc/org.mockito/mockito-core/latest/org.mockito/org/mockito/Mockito.html#0.3
WARNING: A Java agent has been loaded dynamically (/Users/selcuk.ozdemir/.m2/repository/net/bytebuddy/byte-buddy-agent/1.17.5/byte-buddy-agent-1.17.5.jar)
WARNING: If a serviceability tool is in use, please run with -XX:+EnableDynamicAgentLoading to hide this warning
WARNING: If a serviceability tool is not in use, please run with -Djdk.instrument.traceUsage for more information
WARNING: Dynamic loading of agents will be disallowed by default in a future release
]]></system-err>
  </testcase>
</testsuite>